Build started 9/25/2016 1:39:38 AM.
     1>Project "C:\Users\Eduarda\Documents\visual studio 2013\Projects\ConsoleApplication3\ConsoleApplication3\ConsoleApplication3.vcxproj" on node 2 (Build target(s)).
     1>ClCompile:
         C:\Program Files (x86)\Microsoft Visual Studio 12.0\VC\bin\CL.exe /c /Zi /nologo /W3 /WX- /sdl /O2 /Oi /Oy- /GL /D WIN32 /D NDEBUG /D _CONSOLE /D _LIB /D _UNICODE /D UNICODE /Gm- /EHsc /MD /GS /Gy /fp:precise /Zc:wchar_t /Zc:forScope /Yu"stdafx.h" /Fp"Release\MiniProjeto 8 Rainhas.pch" /Fo"Release\\" /Fd"Release\vc120.pdb" /Gd /TP /analyze- /errorReport:prompt OitoRainhasAG.cpp
         OitoRainhasAG.cpp
     1>OitoRainhasAG.cpp(17): warning C4018: '<' : signed/unsigned mismatch
     1>OitoRainhasAG.cpp(59): warning C4018: '<' : signed/unsigned mismatch
     1>OitoRainhasAG.cpp(69): warning C4018: '<' : signed/unsigned mismatch
     1>OitoRainhasAG.cpp(85): warning C4018: '<' : signed/unsigned mismatch
     1>OitoRainhasAG.cpp(95): warning C4018: '<' : signed/unsigned mismatch
     1>OitoRainhasAG.cpp(106): warning C4018: '<' : signed/unsigned mismatch
     1>OitoRainhasAG.cpp(110): warning C4244: '-=' : conversion from 'double' to 'int', possible loss of data
     1>OitoRainhasAG.cpp(152): warning C4018: '<' : signed/unsigned mismatch
     1>OitoRainhasAG.cpp(200): warning C4018: '<' : signed/unsigned mismatch
     1>OitoRainhasAG.cpp(213): warning C4018: '<' : signed/unsigned mismatch
     1>OitoRainhasAG.cpp(274): warning C4018: '<' : signed/unsigned mismatch
     1>OitoRainhasAG.cpp(349): warning C4244: 'argument' : conversion from 'time_t' to 'unsigned int', possible loss of data
       Link:
         C:\Program Files (x86)\Microsoft Visual Studio 12.0\VC\bin\link.exe /ERRORREPORT:PROMPT /OUT:"C:\Users\Eduarda\Documents\visual studio 2013\Projects\ConsoleApplication3\Release\MiniProjeto 8 Rainhas.exe" /INCREMENTAL:NO /NOLOGO kernel32.lib user32.lib gdi32.lib winspool.lib comdlg32.lib advapi32.lib shell32.lib ole32.lib oleaut32.lib uuid.lib odbc32.lib odbccp32.lib /MANIFEST /MANIFESTUAC:"level='asInvoker' uiAccess='false'" /manifest:embed /DEBUG /PDB:"C:\Users\Eduarda\Documents\visual studio 2013\Projects\ConsoleApplication3\Release\MiniProjeto 8 Rainhas.pdb" /SUBSYSTEM:CONSOLE /OPT:REF /OPT:ICF /LTCG /TLBID:1 /DYNAMICBASE /NXCOMPAT /IMPLIB:"C:\Users\Eduarda\Documents\visual studio 2013\Projects\ConsoleApplication3\Release\MiniProjeto 8 Rainhas.lib" /MACHINE:X86 /SAFESEH Release\OitoRainhasAG.obj
         Release\stdafx.obj
         Generating code
         Finished generating code
         ConsoleApplication3.vcxproj -> C:\Users\Eduarda\Documents\visual studio 2013\Projects\ConsoleApplication3\Release\MiniProjeto 8 Rainhas.exe
     1>Done Building Project "C:\Users\Eduarda\Documents\visual studio 2013\Projects\ConsoleApplication3\ConsoleApplication3\ConsoleApplication3.vcxproj" (Build target(s)).

Build succeeded.

Time Elapsed 00:00:01.57
